<?xml version="1.0" encoding="UTF-8"?>
<testsuite name="com.blog.projectboard.ProjectBoardApplicationTests" tests="1" skipped="0" failures="0" errors="0" timestamp="2025-01-21T13:03:27" hostname="Joongs-MacBook-Pro.local" time="0.354">
  <properties/>
  <testcase name="contextLoads()" classname="com.blog.projectboard.ProjectBoardApplicationTests" time="0.354"/>
  <system-out><![CDATA[22:03:27.003 [Test worker] INFO org.springframework.test.context.support.AnnotationConfigContextLoaderUtils -- Could not detect default configuration classes for test class [com.blog.projectboard.ProjectBoardApplicationTests]: ProjectBoardApplicationTests does not declare any static, non-private, non-final, nested classes annotated with @Configuration.
22:03:27.044 [Test worker] INFO org.springframework.boot.test.context.SpringBootTestContextBootstrapper -- Found @SpringBootConfiguration com.blog.projectboard.ProjectBoardApplication for test class com.blog.projectboard.ProjectBoardApplicationTests

  .   ____          _            __ _ _
 /\\ / ___'_ __ _ _(_)_ __  __ _ \ \ \ \
( ( )\___ | '_ | '_| | '_ \/ _` | \ \ \ \
 \\/  ___)| |_)| | | | | || (_| |  ) ) ) )
  '  |____| .__|_| |_|_| |_\__, | / / / /
 =========|_|==============|___/=/_/_/_/

 :: Spring Boot ::                (v3.4.1)

2025-01-21T22:03:27.203+09:00  INFO 20232 --- [project-board] [    Test worker] c.b.p.ProjectBoardApplicationTests       : Starting ProjectBoardApplicationTests using Java 17.0.13 with PID 20232 (started by jasonlee in /Users/jasonlee/JoongLee/Code/Java/FastCampus/spring-board-post)
2025-01-21T22:03:27.204+09:00  INFO 20232 --- [project-board] [    Test worker] c.b.p.ProjectBoardApplicationTests       : No active profile set, falling back to 1 default profile: "default"
2025-01-21T22:03:27.754+09:00  INFO 20232 --- [project-board] [    Test worker] o.s.b.a.e.web.EndpointLinksResolver      : Exposing 1 endpoint beneath base path '/actuator'
2025-01-21T22:03:27.778+09:00  INFO 20232 --- [project-board] [    Test worker] c.b.p.ProjectBoardApplicationTests       : Started ProjectBoardApplicationTests in 0.68 seconds (process running for 1.111)
]]></system-out>
  <system-err><![CDATA[]]></system-err>
</testsuite>
